
 
 Los eliminados  son: 

 Los eliminados  son: 
Camila Millan  
Luis Cordova  

 Los eliminados  son: 
Siul Cordova  
Camila Millan  

 Los eliminados  son: 

 Los eliminados  son: 

 Los eliminados  son: 
Luis Cordova  
Siul Cordova  
Camila Millan  

 Los eliminados  son: 
Chantal Alcala  
Luis Cordova  
Siul Cordova  

 Los eliminados  son: 
Luis Cordova  
Siul Cordova  

 Los eliminados  son: 
Camila Millan  
Luis Cordova  

 Los eliminados  son: 
Luis Cordova  
Siul Cordova  

 Los eliminados  son: 
Luis Cordova  
Siul Cordova  

 Los eliminados  son: 
Siul Cordova  
Camila Millan  

 Los eliminados  son: 

 Los eliminados  son: 

 Los eliminados  son: 
Luis Cordova  
Siul Cordova  

 Los eliminados  son: 
Siul Cordova  
Camila Millan  

 Los eliminados  son: 
Camila Millan  
Luis Cordova  

