El Ganador que sobrevivio  0 Rondas  Es: 

El Ganador que sobrevivio  1 Rondas  Es: 
Siul Cordova

El Ganador que sobrevivio  5 Rondas  Es: 
Luis Cordova

El Ganador que sobrevivio  0 Rondas  Es: 

El Ganador que sobrevivio  0 Rondas  Es: 

El Ganador que sobrevivio  8 Rondas  Es: 
Chantal Alcala

El Ganador que sobrevivio  6 Rondas  Es: 
Camila Millan

El Ganador que sobrevivio  2 Rondas  Es: 
Camila Millan

El Ganador que sobrevivio  2 Rondas  Es: 
Siul Cordova

El Ganador que sobrevivio  3 Rondas  Es: 
Camila Millan

El Ganador que sobrevivio  3 Rondas  Es: 
Camila Millan

El Ganador que sobrevivio  6 Rondas  Es: 
Luis Cordova

El Ganador que sobrevivio  0 Rondas  Es: 

El Ganador que sobrevivio  0 Rondas  Es: 

El Ganador que sobrevivio  5 Rondas  Es: 
Camila Millan

El Ganador que sobrevivio  5 Rondas  Es: 
Luis Cordova

El Ganador que sobrevivio  3 Rondas  Es: 
Siul Cordova

